# JRE version: Java(TM) SE Runtime Environment 18.9 (11.0.8+10) (build 11.0.8+10-LTS)
# Java VM: Java HotSpot(TM) 64-Bit Server VM 18.9 (11.0.8+10-LTS, mixed mode, tiered, compressed oops, parallel gc, windows-amd64)
Heap:
 PSYoungGen      total 29184K, used 1348K [0x00000000eab00000, 0x00000000ed380000, 0x0000000100000000)
  eden space 23040K, 5% used [0x00000000eab00000,0x00000000eac51160,0x00000000ec180000)
  from space 6144K, 0% used [0x00000000ec980000,0x00000000ec980000,0x00000000ecf80000)
  to   space 8192K, 0% used [0x00000000ec180000,0x00000000ec180000,0x00000000ec980000)
 ParOldGen       total 68608K, used 15968K [0x00000000c0000000, 0x00000000c4300000, 0x00000000eab00000)
  object space 68608K, 23% used [0x00000000c0000000,0x00000000c0f98268,0x00000000c4300000)
 Metaspace       used 33831K, capacity 35500K, committed 35584K, reserved 1081344K
  class space    used 3412K, capacity 4043K, committed 4096K, reserved 1048576K
GC Heap History (10 events):
Event: 6.748 GC heap before
{Heap before GC invocations=4 (full 1):
 PSYoungGen      total 29696K, used 25600K [0x00000000eab00000, 0x00000000ecc00000, 0x0000000100000000)
  eden space 25600K, 100% used [0x00000000eab00000,0x00000000ec400000,0x00000000ec400000)
  from space 4096K, 0% used [0x00000000ec800000,0x00000000ec800000,0x00000000ecc00000)
  to   space 4096K, 0% used [0x00000000ec400000,0x00000000ec400000,0x00000000ec800000)
 ParOldGen       total 68608K, used 7292K [0x00000000c0000000, 0x00000000c4300000, 0x00000000eab00000)
  object space 68608K, 10% used [0x00000000c0000000,0x00000000c071f378,0x00000000c4300000)
 Metaspace       used 25448K, capacity 26833K, committed 27008K, reserved 1073152K
  class space    used 2391K, capacity 2893K, committed 2944K, reserved 1048576K
}
Event: 6.750 GC heap after
{Heap after GC invocations=4 (full 1):
 PSYoungGen      total 29696K, used 3008K [0x00000000eab00000, 0x00000000ecc00000, 0x0000000100000000)
  eden space 25600K, 0% used [0x00000000eab00000,0x00000000eab00000,0x00000000ec400000)
  from space 4096K, 73% used [0x00000000ec400000,0x00000000ec6f0138,0x00000000ec800000)
  to   space 4096K, 0% used [0x00000000ec800000,0x00000000ec800000,0x00000000ecc00000)
 ParOldGen       total 68608K, used 7308K [0x00000000c0000000, 0x00000000c4300000, 0x00000000eab00000)
  object space 68608K, 10% used [0x00000000c0000000,0x00000000c0723390,0x00000000c4300000)
 Metaspace       used 25448K, capacity 26833K, committed 27008K, reserved 1073152K
  class space    used 2391K, capacity 2893K, committed 2944K, reserved 1048576K
}
Event: 7.414 GC heap before
{Heap before GC invocations=5 (full 1):
 PSYoungGen      total 29696K, used 28608K [0x00000000eab00000, 0x00000000ecc00000, 0x0000000100000000)
  eden space 25600K, 100% used [0x00000000eab00000,0x00000000ec400000,0x00000000ec400000)
  from space 4096K, 73% used [0x00000000ec400000,0x00000000ec6f0138,0x00000000ec800000)
  to   space 4096K, 0% used [0x00000000ec800000,0x00000000ec800000,0x00000000ecc00000)
 ParOldGen       total 68608K, used 7308K [0x00000000c0000000, 0x00000000c4300000, 0x00000000eab00000)
  object space 68608K, 10% used [0x00000000c0000000,0x00000000c0723390,0x00000000c4300000)
 Metaspace       used 29875K, capacity 31295K, committed 31488K, reserved 1077248K
  class space    used 2959K, capacity 3459K, committed 3584K, reserved 1048576K
}
Event: 7.418 GC heap after
{Heap after GC invocations=5 (full 1):
 PSYoungGen      total 29696K, used 4087K [0x00000000eab00000, 0x00000000ecc00000, 0x0000000100000000)
  eden space 25600K, 0% used [0x00000000eab00000,0x00000000eab00000,0x00000000ec400000)
  from space 4096K, 99% used [0x00000000ec800000,0x00000000ecbfdfc0,0x00000000ecc00000)
  to   space 4096K, 0% used [0x00000000ec400000,0x00000000ec400000,0x00000000ec800000)
 ParOldGen       total 68608K, used 7404K [0x00000000c0000000, 0x00000000c4300000, 0x00000000eab00000)
  object space 68608K, 10% used [0x00000000c0000000,0x00000000c073b390,0x00000000c4300000)
 Metaspace       used 29875K, capacity 31295K, committed 31488K, reserved 1077248K
  class space    used 2959K, capacity 3459K, committed 3584K, reserved 1048576K
}
Event: 8.036 GC heap before
{Heap before GC invocations=6 (full 1):
 PSYoungGen      total 29696K, used 29687K [0x00000000eab00000, 0x00000000ecc00000, 0x0000000100000000)
  eden space 25600K, 100% used [0x00000000eab00000,0x00000000ec400000,0x00000000ec400000)
  from space 4096K, 99% used [0x00000000ec800000,0x00000000ecbfdfc0,0x00000000ecc00000)
  to   space 4096K, 0% used [0x00000000ec400000,0x00000000ec400000,0x00000000ec800000)
 ParOldGen       total 68608K, used 7404K [0x00000000c0000000, 0x00000000c4300000, 0x00000000eab00000)
  object space 68608K, 10% used [0x00000000c0000000,0x00000000c073b390,0x00000000c4300000)
 Metaspace       used 31983K, capacity 33647K, committed 33792K, reserved 1079296K
  class space    used 3233K, capacity 3838K, committed 3840K, reserved 1048576K
}
Event: 8.049 GC heap after
{Heap after GC invocations=6 (full 1):
 PSYoungGen      total 29184K, used 4083K [0x00000000eab00000, 0x00000000ecf80000, 0x0000000100000000)
  eden space 25088K, 0% used [0x00000000eab00000,0x00000000eab00000,0x00000000ec380000)
  from space 4096K, 99% used [0x00000000ec400000,0x00000000ec7fcd88,0x00000000ec800000)
  to   space 6144K, 0% used [0x00000000ec980000,0x00000000ec980000,0x00000000ecf80000)
 ParOldGen       total 68608K, used 9092K [0x00000000c0000000, 0x00000000c4300000, 0x00000000eab00000)
  object space 68608K, 13% used [0x00000000c0000000,0x00000000c08e1020,0x00000000c4300000)
 Metaspace       used 31983K, capacity 33647K, committed 33792K, reserved 1079296K
  class space    used 3233K, capacity 3838K, committed 3840K, reserved 1048576K
}
Event: 8.562 GC heap before
{Heap before GC invocations=7 (full 1):
 PSYoungGen      total 29184K, used 22885K [0x00000000eab00000, 0x00000000ecf80000, 0x0000000100000000)
  eden space 25088K, 74% used [0x00000000eab00000,0x00000000ebd5c978,0x00000000ec380000)
  from space 4096K, 99% used [0x00000000ec400000,0x00000000ec7fcd88,0x00000000ec800000)
  to   space 6144K, 0% used [0x00000000ec980000,0x00000000ec980000,0x00000000ecf80000)
 ParOldGen       total 68608K, used 9092K [0x00000000c0000000, 0x00000000c4300000, 0x00000000eab00000)
  object space 68608K, 13% used [0x00000000c0000000,0x00000000c08e1020,0x00000000c4300000)
 Metaspace       used 33545K, capacity 35161K, committed 35328K, reserved 1081344K
  class space    used 3385K, capacity 3992K, committed 4096K, reserved 1048576K
}
Event: 8.585 GC heap after
{Heap after GC invocations=7 (full 1):
 PSYoungGen      total 29184K, used 6120K [0x00000000eab00000, 0x00000000ed380000, 0x0000000100000000)
  eden space 23040K, 0% used [0x00000000eab00000,0x00000000eab00000,0x00000000ec180000)
  from space 6144K, 99% used [0x00000000ec980000,0x00000000ecf7a070,0x00000000ecf80000)
  to   space 8192K, 0% used [0x00000000ec180000,0x00000000ec180000,0x00000000ec980000)
 ParOldGen       total 68608K, used 10345K [0x00000000c0000000, 0x00000000c4300000, 0x00000000eab00000)
  object space 68608K, 15% used [0x00000000c0000000,0x00000000c0a1a500,0x00000000c4300000)
 Metaspace       used 33545K, capacity 35161K, committed 35328K, reserved 1081344K
  class space    used 3385K, capacity 3992K, committed 4096K, reserved 1048576K
}
Event: 8.585 GC heap before
{Heap before GC invocations=8 (full 2):
 PSYoungGen      total 29184K, used 6120K [0x00000000eab00000, 0x00000000ed380000, 0x0000000100000000)
  eden space 23040K, 0% used [0x00000000eab00000,0x00000000eab00000,0x00000000ec180000)
  from space 6144K, 99% used [0x00000000ec980000,0x00000000ecf7a070,0x00000000ecf80000)
  to   space 8192K, 0% used [0x00000000ec180000,0x00000000ec180000,0x00000000ec980000)
 ParOldGen       total 68608K, used 10345K [0x00000000c0000000, 0x00000000c4300000, 0x00000000eab00000)
  object space 68608K, 15% used [0x00000000c0000000,0x00000000c0a1a500,0x00000000c4300000)
 Metaspace       used 33545K, capacity 35161K, committed 35328K, reserved 1081344K
  class space    used 3385K, capacity 3992K, committed 4096K, reserved 1048576K
}
Event: 8.702 GC heap after
{Heap after GC invocations=8 (full 2):
 PSYoungGen      total 29184K, used 0K [0x00000000eab00000, 0x00000000ed380000, 0x0000000100000000)
  eden space 23040K, 0% used [0x00000000eab00000,0x00000000eab00000,0x00000000ec180000)
  from space 6144K, 0% used [0x00000000ec980000,0x00000000ec980000,0x00000000ecf80000)
  to   space 8192K, 0% used [0x00000000ec180000,0x00000000ec180000,0x00000000ec980000)
 ParOldGen       total 68608K, used 15968K [0x00000000c0000000, 0x00000000c4300000, 0x00000000eab00000)
  object space 68608K, 23% used [0x00000000c0000000,0x00000000c0f98268,0x00000000c4300000)
 Metaspace       used 33545K, capacity 35161K, committed 35328K, reserved 1081344K
  class space    used 3385K, capacity 3992K, committed 4096K, reserved 1048576K
}

