# JRE version: Java(TM) SE Runtime Environment 18.9 (11.0.8+10) (build 11.0.8+10-LTS)
# Java VM: Java HotSpot(TM) 64-Bit Server VM 18.9 (11.0.8+10-LTS, mixed mode, tiered, compressed oops, parallel gc, windows-amd64)
Heap:
 PSYoungGen      total 35840K, used 18850K [0x00000000eab00000, 0x00000000ee980000, 0x0000000100000000)
  eden space 34816K, 51% used [0x00000000eab00000,0x00000000ebc6b6e8,0x00000000ecd00000)
  from space 1024K, 98% used [0x00000000ee880000,0x00000000ee97d2b8,0x00000000ee980000)
  to   space 3072K, 0% used [0x00000000ee380000,0x00000000ee380000,0x00000000ee680000)
 ParOldGen       total 68608K, used 36334K [0x00000000c0000000, 0x00000000c4300000, 0x00000000eab00000)
  object space 68608K, 52% used [0x00000000c0000000,0x00000000c237b838,0x00000000c4300000)
 Metaspace       used 47492K, capacity 49727K, committed 49920K, reserved 1093632K
  class space    used 4739K, capacity 5599K, committed 5632K, reserved 1048576K
GC Heap History (10 events):
Event: 24.962 GC heap before
{Heap before GC invocations=16 (full 2):
 PSYoungGen      total 26112K, used 25824K [0x00000000eab00000, 0x00000000ed500000, 0x0000000100000000)
  eden space 23552K, 100% used [0x00000000eab00000,0x00000000ec200000,0x00000000ec200000)
  from space 2560K, 88% used [0x00000000ec200000,0x00000000ec438010,0x00000000ec480000)
  to   space 2560K, 0% used [0x00000000ed280000,0x00000000ed280000,0x00000000ed500000)
 ParOldGen       total 68608K, used 27959K [0x00000000c0000000, 0x00000000c4300000, 0x00000000eab00000)
  object space 68608K, 40% used [0x00000000c0000000,0x00000000c1b4dc40,0x00000000c4300000)
 Metaspace       used 42739K, capacity 45028K, committed 45184K, reserved 1089536K
  class space    used 4361K, capacity 5210K, committed 5248K, reserved 1048576K
}
Event: 25.005 GC heap after
{Heap after GC invocations=16 (full 2):
 PSYoungGen      total 40448K, used 2080K [0x00000000eab00000, 0x00000000ed500000, 0x0000000100000000)
  eden space 37888K, 0% used [0x00000000eab00000,0x00000000eab00000,0x00000000ed000000)
  from space 2560K, 81% used [0x00000000ed280000,0x00000000ed488000,0x00000000ed500000)
  to   space 2560K, 0% used [0x00000000ed000000,0x00000000ed000000,0x00000000ed280000)
 ParOldGen       total 68608K, used 30215K [0x00000000c0000000, 0x00000000c4300000, 0x00000000eab00000)
  object space 68608K, 44% used [0x00000000c0000000,0x00000000c1d81c50,0x00000000c4300000)
 Metaspace       used 42739K, capacity 45028K, committed 45184K, reserved 1089536K
  class space    used 4361K, capacity 5210K, committed 5248K, reserved 1048576K
}
Event: 32.289 GC heap before
{Heap before GC invocations=17 (full 2):
 PSYoungGen      total 40448K, used 39968K [0x00000000eab00000, 0x00000000ed500000, 0x0000000100000000)
  eden space 37888K, 100% used [0x00000000eab00000,0x00000000ed000000,0x00000000ed000000)
  from space 2560K, 81% used [0x00000000ed280000,0x00000000ed488000,0x00000000ed500000)
  to   space 2560K, 0% used [0x00000000ed000000,0x00000000ed000000,0x00000000ed280000)
 ParOldGen       total 68608K, used 30215K [0x00000000c0000000, 0x00000000c4300000, 0x00000000eab00000)
  object space 68608K, 44% used [0x00000000c0000000,0x00000000c1d81c50,0x00000000c4300000)
 Metaspace       used 43070K, capacity 45361K, committed 45440K, reserved 1089536K
  class space    used 4382K, capacity 5214K, committed 5248K, reserved 1048576K
}
Event: 32.295 GC heap after
{Heap after GC invocations=17 (full 2):
 PSYoungGen      total 40448K, used 2272K [0x00000000eab00000, 0x00000000eeb80000, 0x0000000100000000)
  eden space 37888K, 0% used [0x00000000eab00000,0x00000000eab00000,0x00000000ed000000)
  from space 2560K, 88% used [0x00000000ed000000,0x00000000ed238000,0x00000000ed280000)
  to   space 2560K, 0% used [0x00000000ee900000,0x00000000ee900000,0x00000000eeb80000)
 ParOldGen       total 68608K, used 32277K [0x00000000c0000000, 0x00000000c4300000, 0x00000000eab00000)
  object space 68608K, 47% used [0x00000000c0000000,0x00000000c1f854d0,0x00000000c4300000)
 Metaspace       used 43070K, capacity 45361K, committed 45440K, reserved 1089536K
  class space    used 4382K, capacity 5214K, committed 5248K, reserved 1048576K
}
Event: 85.581 GC heap before
{Heap before GC invocations=18 (full 2):
 PSYoungGen      total 40448K, used 40160K [0x00000000eab00000, 0x00000000eeb80000, 0x0000000100000000)
  eden space 37888K, 100% used [0x00000000eab00000,0x00000000ed000000,0x00000000ed000000)
  from space 2560K, 88% used [0x00000000ed000000,0x00000000ed238000,0x00000000ed280000)
  to   space 2560K, 0% used [0x00000000ee900000,0x00000000ee900000,0x00000000eeb80000)
 ParOldGen       total 68608K, used 32277K [0x00000000c0000000, 0x00000000c4300000, 0x00000000eab00000)
  object space 68608K, 47% used [0x00000000c0000000,0x00000000c1f854d0,0x00000000c4300000)
 Metaspace       used 43380K, capacity 45619K, committed 45696K, reserved 1089536K
  class space    used 4388K, capacity 5214K, committed 5248K, reserved 1048576K
}
Event: 85.585 GC heap after
{Heap after GC invocations=18 (full 2):
 PSYoungGen      total 37888K, used 672K [0x00000000eab00000, 0x00000000eea00000, 0x0000000100000000)
  eden space 36864K, 0% used [0x00000000eab00000,0x00000000eab00000,0x00000000ecf00000)
  from space 1024K, 65% used [0x00000000ee900000,0x00000000ee9a8000,0x00000000eea00000)
  to   space 1536K, 0% used [0x00000000ee700000,0x00000000ee700000,0x00000000ee880000)
 ParOldGen       total 68608K, used 34514K [0x00000000c0000000, 0x00000000c4300000, 0x00000000eab00000)
  object space 68608K, 50% used [0x00000000c0000000,0x00000000c21b4828,0x00000000c4300000)
 Metaspace       used 43380K, capacity 45619K, committed 45696K, reserved 1089536K
  class space    used 4388K, capacity 5214K, committed 5248K, reserved 1048576K
}
Event: 132.340 GC heap before
{Heap before GC invocations=19 (full 2):
 PSYoungGen      total 37888K, used 37536K [0x00000000eab00000, 0x00000000eea00000, 0x0000000100000000)
  eden space 36864K, 100% used [0x00000000eab00000,0x00000000ecf00000,0x00000000ecf00000)
  from space 1024K, 65% used [0x00000000ee900000,0x00000000ee9a8000,0x00000000eea00000)
  to   space 1536K, 0% used [0x00000000ee700000,0x00000000ee700000,0x00000000ee880000)
 ParOldGen       total 68608K, used 34514K [0x00000000c0000000, 0x00000000c4300000, 0x00000000eab00000)
  object space 68608K, 50% used [0x00000000c0000000,0x00000000c21b4828,0x00000000c4300000)
 Metaspace       used 43423K, capacity 45683K, committed 45952K, reserved 1089536K
  class space    used 4388K, capacity 5214K, committed 5248K, reserved 1048576K
}
Event: 132.344 GC heap after
{Heap after GC invocations=19 (full 2):
 PSYoungGen      total 37376K, used 800K [0x00000000eab00000, 0x00000000ee980000, 0x0000000100000000)
  eden space 35840K, 0% used [0x00000000eab00000,0x00000000eab00000,0x00000000ece00000)
  from space 1536K, 52% used [0x00000000ee700000,0x00000000ee7c8010,0x00000000ee880000)
  to   space 1024K, 0% used [0x00000000ee880000,0x00000000ee880000,0x00000000ee980000)
 ParOldGen       total 68608K, used 34950K [0x00000000c0000000, 0x00000000c4300000, 0x00000000eab00000)
  object space 68608K, 50% used [0x00000000c0000000,0x00000000c2221828,0x00000000c4300000)
 Metaspace       used 43423K, capacity 45683K, committed 45952K, reserved 1089536K
  class space    used 4388K, capacity 5214K, committed 5248K, reserved 1048576K
}
Event: 158.283 GC heap before
{Heap before GC invocations=20 (full 2):
 PSYoungGen      total 37376K, used 36640K [0x00000000eab00000, 0x00000000ee980000, 0x0000000100000000)
  eden space 35840K, 100% used [0x00000000eab00000,0x00000000ece00000,0x00000000ece00000)
  from space 1536K, 52% used [0x00000000ee700000,0x00000000ee7c8010,0x00000000ee880000)
  to   space 1024K, 0% used [0x00000000ee880000,0x00000000ee880000,0x00000000ee980000)
 ParOldGen       total 68608K, used 34950K [0x00000000c0000000, 0x00000000c4300000, 0x00000000eab00000)
  object space 68608K, 50% used [0x00000000c0000000,0x00000000c2221828,0x00000000c4300000)
 Metaspace       used 47147K, capacity 49438K, committed 49664K, reserved 1093632K
  class space    used 4727K, capacity 5567K, committed 5632K, reserved 1048576K
}
Event: 158.296 GC heap after
{Heap after GC invocations=20 (full 2):
 PSYoungGen      total 35840K, used 1012K [0x00000000eab00000, 0x00000000ee980000, 0x0000000100000000)
  eden space 34816K, 0% used [0x00000000eab00000,0x00000000eab00000,0x00000000ecd00000)
  from space 1024K, 98% used [0x00000000ee880000,0x00000000ee97d2b8,0x00000000ee980000)
  to   space 3072K, 0% used [0x00000000ee380000,0x00000000ee380000,0x00000000ee680000)
 ParOldGen       total 68608K, used 36334K [0x00000000c0000000, 0x00000000c4300000, 0x00000000eab00000)
  object space 68608K, 52% used [0x00000000c0000000,0x00000000c237b838,0x00000000c4300000)
 Metaspace       used 47147K, capacity 49438K, committed 49664K, reserved 1093632K
  class space    used 4727K, capacity 5567K, committed 5632K, reserved 1048576K
}

